<?xml version="1.0" encoding="UTF-8"?>
<!-- Generated by org.testng.reporters.JUnitReportReporter -->
<testsuite hostname="DESKTOP-D5739PH" failures="0" tests="4" name="com.demo.testcases.ProductsNServicesPageTest" time="80.795" errors="0" timestamp="07 Jan 2019 02:51:32 GMT" skipped="0">
  <testcase classname="com.demo.testcases.ProductsNServicesPageTest" name="createNewServiceTest" time="19.756"/>
  <testcase classname="com.demo.testcases.ProductsNServicesPageTest" name="createNewServiceTest" time="19.903"/>
  <testcase classname="com.demo.testcases.ProductsNServicesPageTest" name="createNewServiceTest" time="21.394"/>
  <testcase classname="com.demo.testcases.ProductsNServicesPageTest" name="createNewServiceTest" time="19.742"/>
</testsuite> <!-- com.demo.testcases.ProductsNServicesPageTest -->
