<?xml version="1.0" encoding="UTF-8"?>
<!-- Generated by org.testng.reporters.JUnitReportReporter -->
<testsuite hostname="DESKTOP-D5739PH" failures="0" tests="1" name="com.demo.testcases.LoginPageTest" time="13856.124" errors="0" timestamp="27 Dec 2018 06:09:48 GMT" skipped="0">
  <testcase classname="com.demo.testcases.LoginPageTest" name="logingTest" time="13856.124"/>
</testsuite> <!-- com.demo.testcases.LoginPageTest -->
