<?xml version="1.0" encoding="UTF-8"?>
<!-- Generated by org.testng.reporters.JUnitReportReporter -->
<testsuite hostname="DESKTOP-D5739PH" failures="0" tests="4" name="com.demo.testcases.HomePageTest" time="33.383" errors="0" timestamp="28 Dec 2018 23:06:17 GMT" skipped="0">
  <testcase classname="com.demo.testcases.HomePageTest" name="verifyHomePageTitleTest" time="8.954"/>
  <testcase classname="com.demo.testcases.HomePageTest" name="verifyIncomeTodayFieldTest" time="8.052"/>
  <testcase classname="com.demo.testcases.HomePageTest" name="verifyExpenseTodayFieldTest" time="8.284"/>
  <testcase classname="com.demo.testcases.HomePageTest" name="verifyExpenseThisMonthFieldTest" time="8.093"/>
</testsuite> <!-- com.demo.testcases.HomePageTest -->
