<?xml version="1.0" encoding="UTF-8"?>
<!-- Generated by org.testng.reporters.JUnitReportReporter -->
<testsuite hostname="DESKTOP-D5739PH" failures="0" tests="3" name="com.demo.testcases.LoginPageTest" time="20.558" errors="0" timestamp="27 Dec 2018 16:35:07 GMT" skipped="0">
  <testcase classname="com.demo.testcases.LoginPageTest" name="loginPageTitle" time="6.859"/>
  <testcase classname="com.demo.testcases.LoginPageTest" name="LogoimmageTest" time="5.665"/>
  <testcase classname="com.demo.testcases.LoginPageTest" name="logingTest" time="8.034"/>
</testsuite> <!-- com.demo.testcases.LoginPageTest -->
